{
  "stats": {
    "suites": 1,
    "tests": 1,
    "passes": 1,
    "pending": 0,
    "failures": 0,
    "start": "2017-10-12T22:12:45.394Z",
    "end": "2017-10-12T22:12:45.432Z",
    "duration": 38,
    "testsRegistered": 1,
    "passPercent": 100,
    "pendingPercent": 0,
    "other": 0,
    "hasOther": false,
    "skipped": 0,
    "hasSkipped": false,
    "passPercentClass": "success",
    "pendingPercentClass": "danger"
  },
  "suites": {
    "title": "",
    "suites": [
      {
        "title": "English Caps Inverse",
        "suites": [],
        "tests": [
          {
            "title": "should be equal",
            "fullTitle": "English Caps Inverse should be equal",
            "timedOut": false,
            "duration": 4,
            "state": "passed",
            "speed": "fast",
            "pass": true,
            "fail": false,
            "pending": false,
            "code": "expect(ECI(PickBan)).to.deep.equal(PickBanInverse);\nexpect(ECI(Attacking)).to.deep.equal(AttackingInverse);\nexpect(ECI(Movement)).to.deep.equal(MovementInverse);\nexpect(ECI(Taunt)).to.deep.equal(TauntInverse);\nexpect(ECI(Joke)).to.deep.equal(JokeInverse);",
            "err": {},
            "isRoot": false,
            "uuid": "94812c6a-0ea6-4c05-a1c1-526edd80062f",
            "parentUUID": "2695b0f1-927c-4448-9169-de269a014844",
            "isHook": false,
            "skipped": false
          }
        ],
        "pending": [],
        "root": false,
        "_timeout": 2000,
        "file": "\\test\\ECI.js",
        "uuid": "2695b0f1-927c-4448-9169-de269a014844",
        "beforeHooks": [],
        "afterHooks": [],
        "fullFile": "D:\\Documents\\GitHub\\EnCapsInverse\\test\\ECI.js",
        "passes": [
          {
            "title": "should be equal",
            "fullTitle": "English Caps Inverse should be equal",
            "timedOut": false,
            "duration": 4,
            "state": "passed",
            "speed": "fast",
            "pass": true,
            "fail": false,
            "pending": false,
            "code": "expect(ECI(PickBan)).to.deep.equal(PickBanInverse);\nexpect(ECI(Attacking)).to.deep.equal(AttackingInverse);\nexpect(ECI(Movement)).to.deep.equal(MovementInverse);\nexpect(ECI(Taunt)).to.deep.equal(TauntInverse);\nexpect(ECI(Joke)).to.deep.equal(JokeInverse);",
            "err": {},
            "isRoot": false,
            "uuid": "94812c6a-0ea6-4c05-a1c1-526edd80062f",
            "parentUUID": "2695b0f1-927c-4448-9169-de269a014844",
            "isHook": false,
            "skipped": false
          }
        ],
        "failures": [],
        "skipped": [],
        "hasBeforeHooks": false,
        "hasAfterHooks": false,
        "hasTests": true,
        "hasSuites": false,
        "totalTests": 1,
        "totalPasses": 1,
        "totalFailures": 0,
        "totalPending": 0,
        "totalSkipped": 0,
        "hasPasses": true,
        "hasFailures": false,
        "hasPending": false,
        "hasSkipped": false,
        "duration": 4,
        "rootEmpty": false
      }
    ],
    "tests": [],
    "pending": [],
    "root": true,
    "_timeout": 2000,
    "uuid": "c3d0ba24-6272-4cf8-a212-cd96cbbdc9a0",
    "beforeHooks": [],
    "afterHooks": [],
    "fullFile": "",
    "file": "",
    "passes": [],
    "failures": [],
    "skipped": [],
    "hasBeforeHooks": false,
    "hasAfterHooks": false,
    "hasTests": false,
    "hasSuites": true,
    "totalTests": 0,
    "totalPasses": 0,
    "totalFailures": 0,
    "totalPending": 0,
    "totalSkipped": 0,
    "hasPasses": false,
    "hasFailures": false,
    "hasPending": false,
    "hasSkipped": false,
    "duration": 0,
    "rootEmpty": true
  },
  "allTests": [
    {
      "title": "should be equal",
      "fullTitle": "English Caps Inverse should be equal",
      "timedOut": false,
      "duration": 4,
      "state": "passed",
      "speed": "fast",
      "pass": true,
      "fail": false,
      "pending": false,
      "code": "expect(ECI(PickBan)).to.deep.equal(PickBanInverse);\nexpect(ECI(Attacking)).to.deep.equal(AttackingInverse);\nexpect(ECI(Movement)).to.deep.equal(MovementInverse);\nexpect(ECI(Taunt)).to.deep.equal(TauntInverse);\nexpect(ECI(Joke)).to.deep.equal(JokeInverse);",
      "err": {},
      "isRoot": false,
      "uuid": "94812c6a-0ea6-4c05-a1c1-526edd80062f",
      "parentUUID": "2695b0f1-927c-4448-9169-de269a014844",
      "isHook": false,
      "skipped": false
    }
  ],
  "allPending": [],
  "allPasses": [
    {
      "title": "should be equal",
      "fullTitle": "English Caps Inverse should be equal",
      "timedOut": false,
      "duration": 4,
      "state": "passed",
      "speed": "fast",
      "pass": true,
      "fail": false,
      "pending": false,
      "code": "expect(ECI(PickBan)).to.deep.equal(PickBanInverse);\nexpect(ECI(Attacking)).to.deep.equal(AttackingInverse);\nexpect(ECI(Movement)).to.deep.equal(MovementInverse);\nexpect(ECI(Taunt)).to.deep.equal(TauntInverse);\nexpect(ECI(Joke)).to.deep.equal(JokeInverse);",
      "err": {},
      "isRoot": false,
      "uuid": "94812c6a-0ea6-4c05-a1c1-526edd80062f",
      "parentUUID": "2695b0f1-927c-4448-9169-de269a014844",
      "isHook": false,
      "skipped": false
    }
  ],
  "allFailures": [],
  "copyrightYear": 2017
}